build/app/intermediates/manifest_merge_blame_file/debug/manifest-merger-blame-debug-report.txt
1<?xml version="1.0" encoding="utf-8"?>
2<manifest xmlns:android="http://schemas.android.com/apk/res/android"
3    package="dj.dhenu"
4    android:versionCode="1"
5    android:versionName="1.0.0" >
6
7    <uses-sdk
8        android:minSdkVersion="21"
9        android:targetSdkVersion="30" />
10    <!--
11         Flutter needs it to communicate with the running application
12         to allow setting breakpoints, to provide hot reload, etc.
13    -->
14    <uses-permission android:name="android.permission.INTERNET" />
14-->src/main/AndroidManifest.xml:4:5-66
14-->src/main/AndroidManifest.xml:4:22-64
15    <uses-permission android:name="android.permission.ACCESS_FINE_LOCATION" />
15-->src/main/AndroidManifest.xml:5:5-6:66
15-->src/main/AndroidManifest.xml:6:9-63
16    <uses-permission android:name="android.permission.ACCESS_COARSE_LOCATION" />
16-->src/main/AndroidManifest.xml:7:5-8:68
16-->src/main/AndroidManifest.xml:8:9-65
17    <uses-permission android:name="android.permission.CAMERA" />
17-->src/main/AndroidManifest.xml:9:9-68
17-->src/main/AndroidManifest.xml:9:26-66
18    <uses-permission android:name="android.permission.READ_EXTERNAL_STORAGE" />
18-->[:image_picker] AndroidManifest.xml:7:5-80
18-->[:image_picker] AndroidManifest.xml:7:22-77
19    <uses-permission android:name="android.permission.WRITE_EXTERNAL_STORAGE" />
19-->[:image_picker] AndroidManifest.xml:8:5-81
19-->[:image_picker] AndroidManifest.xml:8:22-78
20    <uses-permission android:name="android.permission.ACCESS_NETWORK_STATE" />
20-->[com.google.firebase:firebase-auth:20.0.2] AndroidManifest.xml:24:5-79
20-->[com.google.firebase:firebase-auth:20.0.2] AndroidManifest.xml:24:22-76
21    <uses-permission android:name="android.permission.WAKE_LOCK" />
21-->[com.google.android.gms:play-services-measurement-api:18.0.2] AndroidManifest.xml:24:5-68
21-->[com.google.android.gms:play-services-measurement-api:18.0.2] AndroidManifest.xml:24:22-65
22    <uses-permission android:name="com.google.android.finsky.permission.BIND_GET_INSTALL_REFERRER_SERVICE" />
22-->[com.google.android.gms:play-services-measurement:18.0.2] AndroidManifest.xml:26:5-110
22-->[com.google.android.gms:play-services-measurement:18.0.2] AndroidManifest.xml:26:22-107
23
24    <application
24-->src/main/AndroidManifest.xml:11:4-49:19
25        android:appComponentFactory="androidx.core.app.CoreComponentFactory"
25-->[androidx.core:core:1.3.2] AndroidManifest.xml:24:18-86
26        android:debuggable="true"
27        android:icon="@mipmap/launcher_icon"
27-->src/main/AndroidManifest.xml:14:9-45
28        android:label="PashuSansar"
28-->src/main/AndroidManifest.xml:13:9-36
29        android:requestLegacyExternalStorage="true" >
29-->src/main/AndroidManifest.xml:12:9-52
30        <activity
30-->src/main/AndroidManifest.xml:15:9-43:20
31            android:name="dj.dhenu.MainActivity"
31-->src/main/AndroidManifest.xml:16:13-41
32            android:configChanges="orientation|keyboardHidden|keyboard|screenSize|smallestScreenSize|locale|layoutDirection|fontScale|screenLayout|density|uiMode"
32-->src/main/AndroidManifest.xml:19:13-163
33            android:hardwareAccelerated="true"
33-->src/main/AndroidManifest.xml:20:13-47
34            android:launchMode="singleTop"
34-->src/main/AndroidManifest.xml:17:13-43
35            android:theme="@style/LaunchTheme"
35-->src/main/AndroidManifest.xml:18:13-47
36            android:windowSoftInputMode="adjustResize" >
36-->src/main/AndroidManifest.xml:21:13-55
37
38            <!--
39                 Specifies an Android theme to apply to this Activity as soon as
40                 the Android process has started. This theme is visible to the user
41                 while the Flutter UI initializes. After that, this theme continues
42                 to determine the Window background behind the Flutter UI.
43            -->
44            <meta-data
44-->src/main/AndroidManifest.xml:26:13-29:17
45                android:name="io.flutter.embedding.android.NormalTheme"
45-->src/main/AndroidManifest.xml:27:15-70
46                android:resource="@style/NormalTheme" />
46-->src/main/AndroidManifest.xml:28:15-52
47            <!--
48                 Displays an Android View that continues showing the launch screen
49                 Drawable until Flutter paints its first frame, then this splash
50                 screen fades out. A splash screen is useful to avoid any visual
51                 gap between the end of Android's launch screen and the painting of
52                 Flutter's first frame.
53            -->
54            <meta-data
54-->src/main/AndroidManifest.xml:35:13-38:17
55                android:name="io.flutter.embedding.android.SplashScreenDrawable"
55-->src/main/AndroidManifest.xml:36:15-79
56                android:resource="@drawable/launch_background" />
56-->src/main/AndroidManifest.xml:37:15-61
57
58            <intent-filter>
58-->src/main/AndroidManifest.xml:39:13-42:29
59                <action android:name="android.intent.action.MAIN" />
59-->src/main/AndroidManifest.xml:40:17-68
59-->src/main/AndroidManifest.xml:40:25-66
60
61                <category android:name="android.intent.category.LAUNCHER" />
61-->src/main/AndroidManifest.xml:41:17-76
61-->src/main/AndroidManifest.xml:41:27-74
62            </intent-filter>
63        </activity>
64        <!--
65             Don't delete the meta-data below.
66             This is used by the Flutter tool to generate GeneratedPluginRegistrant.java
67        -->
68        <meta-data
68-->src/main/AndroidManifest.xml:46:9-48:33
69            android:name="flutterEmbedding"
69-->src/main/AndroidManifest.xml:47:13-44
70            android:value="2" />
70-->src/main/AndroidManifest.xml:48:13-30
71
72        <provider
72-->[:image_picker] AndroidManifest.xml:11:9-19:20
73            android:name="io.flutter.plugins.imagepicker.ImagePickerFileProvider"
73-->[:image_picker] AndroidManifest.xml:12:13-82
74            android:authorities="dj.dhenu.flutter.image_provider"
74-->[:image_picker] AndroidManifest.xml:13:13-74
75            android:exported="false"
75-->[:image_picker] AndroidManifest.xml:14:13-37
76            android:grantUriPermissions="true" >
76-->[:image_picker] AndroidManifest.xml:15:13-47
77            <meta-data
77-->[:image_picker] AndroidManifest.xml:16:13-18:75
78                android:name="android.support.FILE_PROVIDER_PATHS"
78-->[:image_picker] AndroidManifest.xml:17:17-67
79                android:resource="@xml/flutter_image_picker_file_paths" />
79-->[:image_picker] AndroidManifest.xml:18:17-72
80        </provider>
81
82        <activity
82-->[:url_launcher] AndroidManifest.xml:8:9-11:74
83            android:name="io.flutter.plugins.urllauncher.WebViewActivity"
83-->[:url_launcher] AndroidManifest.xml:9:13-74
84            android:exported="false"
84-->[:url_launcher] AndroidManifest.xml:10:13-37
85            android:theme="@android:style/Theme.NoTitleBar.Fullscreen" />
85-->[:url_launcher] AndroidManifest.xml:11:13-71
86
87        <provider
87-->[:esys_flutter_share] AndroidManifest.xml:8:9-16:20
88            android:name="de.esys.esysfluttershare.EsysFlutterShareFileProvider"
88-->[:esys_flutter_share] AndroidManifest.xml:9:13-81
89            android:authorities="dj.dhenu.fileprovider.github.com/orgs/esysberlin/esys-flutter-share"
89-->[:esys_flutter_share] AndroidManifest.xml:10:13-110
90            android:exported="false"
90-->[:esys_flutter_share] AndroidManifest.xml:11:13-37
91            android:grantUriPermissions="true" >
91-->[:esys_flutter_share] AndroidManifest.xml:12:13-47
92            <meta-data
92-->[:image_picker] AndroidManifest.xml:16:13-18:75
93                android:name="android.support.FILE_PROVIDER_PATHS"
93-->[:image_picker] AndroidManifest.xml:17:17-67
94                android:resource="@xml/esys_flutter_share_filepaths" />
94-->[:image_picker] AndroidManifest.xml:18:17-72
95        </provider>
96
97        <service
97-->[:cloud_firestore] AndroidManifest.xml:8:9-12:19
98            android:name="com.google.firebase.components.ComponentDiscoveryService"
98-->[:cloud_firestore] AndroidManifest.xml:8:18-89
99            android:directBootAware="true"
99-->[com.google.firebase:firebase-common:19.5.0] AndroidManifest.xml:35:13-43
100            android:exported="false" >
100-->[com.google.firebase:firebase-auth:20.0.2] AndroidManifest.xml:76:13-37
101            <meta-data
101-->[:cloud_firestore] AndroidManifest.xml:9:13-11:85
102                android:name="com.google.firebase.components:io.flutter.plugins.firebase.firestore.FlutterFirebaseFirestoreRegistrar"
102-->[:cloud_firestore] AndroidManifest.xml:10:17-134
103                android:value="com.google.firebase.components.ComponentRegistrar" />
103-->[:cloud_firestore] AndroidManifest.xml:11:17-82
104            <meta-data
104-->[:firebase_auth] AndroidManifest.xml:9:13-11:85
105                android:name="com.google.firebase.components:io.flutter.plugins.firebase.auth.FlutterFirebaseAuthRegistrar"
105-->[:firebase_auth] AndroidManifest.xml:10:17-124
106                android:value="com.google.firebase.components.ComponentRegistrar" />
106-->[:firebase_auth] AndroidManifest.xml:11:17-82
107            <meta-data
107-->[:firebase_core] AndroidManifest.xml:9:13-11:85
108                android:name="com.google.firebase.components:io.flutter.plugins.firebase.core.FlutterFirebaseCoreRegistrar"
108-->[:firebase_core] AndroidManifest.xml:10:17-124
109                android:value="com.google.firebase.components.ComponentRegistrar" />
109-->[:firebase_core] AndroidManifest.xml:11:17-82
110            <meta-data
110-->[com.google.firebase:firebase-auth:20.0.2] AndroidManifest.xml:77:13-79:85
111                android:name="com.google.firebase.components:com.google.firebase.auth.FirebaseAuthRegistrar"
111-->[com.google.firebase:firebase-auth:20.0.2] AndroidManifest.xml:78:17-109
112                android:value="com.google.firebase.components.ComponentRegistrar" />
112-->[com.google.firebase:firebase-auth:20.0.2] AndroidManifest.xml:79:17-82
113            <meta-data
113-->[com.google.firebase:firebase-crashlytics:17.3.1] AndroidManifest.xml:18:13-20:85
114                android:name="com.google.firebase.components:com.google.firebase.crashlytics.CrashlyticsRegistrar"
114-->[com.google.firebase:firebase-crashlytics:17.3.1] AndroidManifest.xml:19:17-115
115                android:value="com.google.firebase.components.ComponentRegistrar" />
115-->[com.google.firebase:firebase-crashlytics:17.3.1] AndroidManifest.xml:20:17-82
116            <meta-data
116-->[com.google.firebase:firebase-firestore:22.1.0] AndroidManifest.xml:20:13-22:85
117                android:name="com.google.firebase.components:com.google.firebase.firestore.FirestoreRegistrar"
117-->[com.google.firebase:firebase-firestore:22.1.0] AndroidManifest.xml:21:17-111
118                android:value="com.google.firebase.components.ComponentRegistrar" />
118-->[com.google.firebase:firebase-firestore:22.1.0] AndroidManifest.xml:22:17-82
119            <meta-data
119-->[com.google.android.gms:play-services-measurement-api:18.0.2] AndroidManifest.xml:30:13-32:85
120                android:name="com.google.firebase.components:com.google.firebase.analytics.connector.internal.AnalyticsConnectorRegistrar"
120-->[com.google.android.gms:play-services-measurement-api:18.0.2] AndroidManifest.xml:31:17-139
121                android:value="com.google.firebase.components.ComponentRegistrar" />
121-->[com.google.android.gms:play-services-measurement-api:18.0.2] AndroidManifest.xml:32:17-82
122            <meta-data
122-->[com.google.firebase:firebase-installations:16.3.5] AndroidManifest.xml:18:13-20:85
123                android:name="com.google.firebase.components:com.google.firebase.installations.FirebaseInstallationsRegistrar"
123-->[com.google.firebase:firebase-installations:16.3.5] AndroidManifest.xml:19:17-127
124                android:value="com.google.firebase.components.ComponentRegistrar" />
124-->[com.google.firebase:firebase-installations:16.3.5] AndroidManifest.xml:20:17-82
125            <!--
126                This registrar is not defined in the dynamic-module-support sdk itself to allow non-firebase
127                clients to use it as well, by defining this registrar in their own core/common library.
128            -->
129            <meta-data
129-->[com.google.firebase:firebase-common:19.5.0] AndroidManifest.xml:43:13-45:85
130                android:name="com.google.firebase.components:com.google.firebase.dynamicloading.DynamicLoadingRegistrar"
130-->[com.google.firebase:firebase-common:19.5.0] AndroidManifest.xml:44:17-121
131                android:value="com.google.firebase.components.ComponentRegistrar" />
131-->[com.google.firebase:firebase-common:19.5.0] AndroidManifest.xml:45:17-82
132        </service>
133        <service
133-->[:location] AndroidManifest.xml:11:9-15:56
134            android:name="com.lyokone.location.FlutterLocationService"
134-->[:location] AndroidManifest.xml:12:13-71
135            android:enabled="true"
135-->[:location] AndroidManifest.xml:13:13-35
136            android:exported="false"
136-->[:location] AndroidManifest.xml:14:13-37
137            android:foregroundServiceType="location" />
137-->[:location] AndroidManifest.xml:15:13-53
138
139        <provider
139-->[:share] AndroidManifest.xml:8:9-16:20
140            android:name="io.flutter.plugins.share.ShareFileProvider"
140-->[:share] AndroidManifest.xml:9:13-70
141            android:authorities="dj.dhenu.flutter.share_provider"
141-->[:share] AndroidManifest.xml:10:13-74
142            android:exported="false"
142-->[:share] AndroidManifest.xml:11:13-37
143            android:grantUriPermissions="true" >
143-->[:share] AndroidManifest.xml:12:13-47
144            <meta-data
144-->[:image_picker] AndroidManifest.xml:16:13-18:75
145                android:name="android.support.FILE_PROVIDER_PATHS"
145-->[:image_picker] AndroidManifest.xml:17:17-67
146                android:resource="@xml/flutter_share_file_paths" />
146-->[:image_picker] AndroidManifest.xml:18:17-72
147        </provider>
148
149        <activity
149-->[com.google.firebase:firebase-auth:20.0.2] AndroidManifest.xml:27:9-44:20
150            android:name="com.google.firebase.auth.internal.GenericIdpActivity"
150-->[com.google.firebase:firebase-auth:20.0.2] AndroidManifest.xml:28:13-80
151            android:excludeFromRecents="true"
151-->[com.google.firebase:firebase-auth:20.0.2] AndroidManifest.xml:29:13-46
152            android:exported="true"
152-->[com.google.firebase:firebase-auth:20.0.2] AndroidManifest.xml:30:13-36
153            android:launchMode="singleTask"
153-->[com.google.firebase:firebase-auth:20.0.2] AndroidManifest.xml:31:13-44
154            android:theme="@android:style/Theme.Translucent.NoTitleBar" >
154-->[com.google.firebase:firebase-auth:20.0.2] AndroidManifest.xml:32:13-72
155            <intent-filter>
155-->[com.google.firebase:firebase-auth:20.0.2] AndroidManifest.xml:33:13-43:29
156                <action android:name="android.intent.action.VIEW" />
156-->[com.google.firebase:firebase-auth:20.0.2] AndroidManifest.xml:34:17-69
156-->[com.google.firebase:firebase-auth:20.0.2] AndroidManifest.xml:34:25-66
157
158                <category android:name="android.intent.category.DEFAULT" />
158-->[com.google.firebase:firebase-auth:20.0.2] AndroidManifest.xml:36:17-76
158-->[com.google.firebase:firebase-auth:20.0.2] AndroidManifest.xml:36:27-73
159                <category android:name="android.intent.category.BROWSABLE" />
159-->[com.google.firebase:firebase-auth:20.0.2] AndroidManifest.xml:37:17-78
159-->[com.google.firebase:firebase-auth:20.0.2] AndroidManifest.xml:37:27-75
160
161                <data
161-->[com.google.firebase:firebase-auth:20.0.2] AndroidManifest.xml:39:17-42:51
162                    android:host="firebase.auth"
162-->[com.google.firebase:firebase-auth:20.0.2] AndroidManifest.xml:40:21-49
163                    android:path="/"
163-->[com.google.firebase:firebase-auth:20.0.2] AndroidManifest.xml:41:21-37
164                    android:scheme="genericidp" />
164-->[com.google.firebase:firebase-auth:20.0.2] AndroidManifest.xml:42:21-48
165            </intent-filter>
166        </activity>
167        <activity
167-->[com.google.firebase:firebase-auth:20.0.2] AndroidManifest.xml:45:9-62:20
168            android:name="com.google.firebase.auth.internal.RecaptchaActivity"
168-->[com.google.firebase:firebase-auth:20.0.2] AndroidManifest.xml:46:13-79
169            android:excludeFromRecents="true"
169-->[com.google.firebase:firebase-auth:20.0.2] AndroidManifest.xml:47:13-46
170            android:exported="true"
170-->[com.google.firebase:firebase-auth:20.0.2] AndroidManifest.xml:48:13-36
171            android:launchMode="singleTask"
171-->[com.google.firebase:firebase-auth:20.0.2] AndroidManifest.xml:49:13-44
172            android:theme="@android:style/Theme.Translucent.NoTitleBar" >
172-->[com.google.firebase:firebase-auth:20.0.2] AndroidManifest.xml:50:13-72
173            <intent-filter>
173-->[com.google.firebase:firebase-auth:20.0.2] AndroidManifest.xml:51:13-61:29
174                <action android:name="android.intent.action.VIEW" />
174-->[com.google.firebase:firebase-auth:20.0.2] AndroidManifest.xml:34:17-69
174-->[com.google.firebase:firebase-auth:20.0.2] AndroidManifest.xml:34:25-66
175
176                <category android:name="android.intent.category.DEFAULT" />
176-->[com.google.firebase:firebase-auth:20.0.2] AndroidManifest.xml:36:17-76
176-->[com.google.firebase:firebase-auth:20.0.2] AndroidManifest.xml:36:27-73
177                <category android:name="android.intent.category.BROWSABLE" />
177-->[com.google.firebase:firebase-auth:20.0.2] AndroidManifest.xml:37:17-78
177-->[com.google.firebase:firebase-auth:20.0.2] AndroidManifest.xml:37:27-75
178
179                <data
179-->[com.google.firebase:firebase-auth:20.0.2] AndroidManifest.xml:39:17-42:51
180                    android:host="firebase.auth"
180-->[com.google.firebase:firebase-auth:20.0.2] AndroidManifest.xml:40:21-49
181                    android:path="/"
181-->[com.google.firebase:firebase-auth:20.0.2] AndroidManifest.xml:41:21-37
182                    android:scheme="recaptcha" />
182-->[com.google.firebase:firebase-auth:20.0.2] AndroidManifest.xml:42:21-48
183            </intent-filter>
184        </activity>
185
186        <service
186-->[com.google.firebase:firebase-auth:20.0.2] AndroidManifest.xml:64:9-73:19
187            android:name="com.google.firebase.auth.api.fallback.service.FirebaseAuthFallbackService"
187-->[com.google.firebase:firebase-auth:20.0.2] AndroidManifest.xml:65:13-101
188            android:enabled="true"
188-->[com.google.firebase:firebase-auth:20.0.2] AndroidManifest.xml:66:13-35
189            android:exported="false" >
189-->[com.google.firebase:firebase-auth:20.0.2] AndroidManifest.xml:67:13-37
190            <intent-filter>
190-->[com.google.firebase:firebase-auth:20.0.2] AndroidManifest.xml:68:13-72:29
191                <action android:name="com.google.firebase.auth.api.gms.service.START" />
191-->[com.google.firebase:firebase-auth:20.0.2] AndroidManifest.xml:69:17-89
191-->[com.google.firebase:firebase-auth:20.0.2] AndroidManifest.xml:69:25-86
192
193                <category android:name="android.intent.category.DEFAULT" />
193-->[com.google.firebase:firebase-auth:20.0.2] AndroidManifest.xml:36:17-76
193-->[com.google.firebase:firebase-auth:20.0.2] AndroidManifest.xml:36:27-73
194            </intent-filter>
195        </service>
196        <service
196-->[com.google.android.datatransport:transport-backend-cct:2.3.3] AndroidManifest.xml:29:9-35:19
197            android:name="com.google.android.datatransport.runtime.backends.TransportBackendDiscovery"
197-->[com.google.android.datatransport:transport-backend-cct:2.3.3] AndroidManifest.xml:30:13-103
198            android:exported="false" >
198-->[com.google.android.datatransport:transport-backend-cct:2.3.3] AndroidManifest.xml:31:13-37
199            <meta-data
199-->[com.google.android.datatransport:transport-backend-cct:2.3.3] AndroidManifest.xml:32:13-34:39
200                android:name="backend:com.google.android.datatransport.cct.CctBackendFactory"
200-->[com.google.android.datatransport:transport-backend-cct:2.3.3] AndroidManifest.xml:33:17-94
201                android:value="cct" />
201-->[com.google.android.datatransport:transport-backend-cct:2.3.3] AndroidManifest.xml:34:17-36
202        </service>
203
204        <provider
204-->[com.google.firebase:firebase-common:19.5.0] AndroidManifest.xml:26:9-31:39
205            android:name="com.google.firebase.provider.FirebaseInitProvider"
205-->[com.google.firebase:firebase-common:19.5.0] AndroidManifest.xml:27:13-77
206            android:authorities="dj.dhenu.firebaseinitprovider"
206-->[com.google.firebase:firebase-common:19.5.0] AndroidManifest.xml:28:13-72
207            android:directBootAware="true"
207-->[com.google.firebase:firebase-common:19.5.0] AndroidManifest.xml:29:13-43
208            android:exported="false"
208-->[com.google.firebase:firebase-common:19.5.0] AndroidManifest.xml:30:13-37
209            android:initOrder="100" />
209-->[com.google.firebase:firebase-common:19.5.0] AndroidManifest.xml:31:13-36
210
211        <activity
211-->[com.google.android.gms:play-services-base:17.1.0] AndroidManifest.xml:23:9-26:75
212            android:name="com.google.android.gms.common.api.GoogleApiActivity"
212-->[com.google.android.gms:play-services-base:17.1.0] AndroidManifest.xml:24:13-79
213            android:exported="false"
213-->[com.google.android.gms:play-services-base:17.1.0] AndroidManifest.xml:25:13-37
214            android:theme="@android:style/Theme.Translucent.NoTitleBar" />
214-->[com.google.android.gms:play-services-base:17.1.0] AndroidManifest.xml:26:13-72
215
216        <receiver
216-->[com.google.android.gms:play-services-measurement:18.0.2] AndroidManifest.xml:29:9-33:20
217            android:name="com.google.android.gms.measurement.AppMeasurementReceiver"
217-->[com.google.android.gms:play-services-measurement:18.0.2] AndroidManifest.xml:30:13-85
218            android:enabled="true"
218-->[com.google.android.gms:play-services-measurement:18.0.2] AndroidManifest.xml:31:13-35
219            android:exported="false" >
219-->[com.google.android.gms:play-services-measurement:18.0.2] AndroidManifest.xml:32:13-37
220        </receiver>
221
222        <service
222-->[com.google.android.gms:play-services-measurement:18.0.2] AndroidManifest.xml:35:9-38:40
223            android:name="com.google.android.gms.measurement.AppMeasurementService"
223-->[com.google.android.gms:play-services-measurement:18.0.2] AndroidManifest.xml:36:13-84
224            android:enabled="true"
224-->[com.google.android.gms:play-services-measurement:18.0.2] AndroidManifest.xml:37:13-35
225            android:exported="false" />
225-->[com.google.android.gms:play-services-measurement:18.0.2] AndroidManifest.xml:38:13-37
226        <service
226-->[com.google.android.gms:play-services-measurement:18.0.2] AndroidManifest.xml:39:9-43:72
227            android:name="com.google.android.gms.measurement.AppMeasurementJobService"
227-->[com.google.android.gms:play-services-measurement:18.0.2] AndroidManifest.xml:40:13-87
228            android:enabled="true"
228-->[com.google.android.gms:play-services-measurement:18.0.2] AndroidManifest.xml:41:13-35
229            android:exported="false"
229-->[com.google.android.gms:play-services-measurement:18.0.2] AndroidManifest.xml:42:13-37
230            android:permission="android.permission.BIND_JOB_SERVICE" />
230-->[com.google.android.gms:play-services-measurement:18.0.2] AndroidManifest.xml:43:13-69
231
232        <meta-data
232-->[com.google.android.gms:play-services-basement:17.1.0] AndroidManifest.xml:23:9-25:69
233            android:name="com.google.android.gms.version"
233-->[com.google.android.gms:play-services-basement:17.1.0] AndroidManifest.xml:24:13-58
234            android:value="@integer/google_play_services_version" />
234-->[com.google.android.gms:play-services-basement:17.1.0] AndroidManifest.xml:25:13-66
235
236        <service
236-->[com.google.android.datatransport:transport-runtime:2.2.5] AndroidManifest.xml:26:9-30:19
237            android:name="com.google.android.datatransport.runtime.scheduling.jobscheduling.JobInfoSchedulerService"
237-->[com.google.android.datatransport:transport-runtime:2.2.5] AndroidManifest.xml:27:13-117
238            android:exported="false"
238-->[com.google.android.datatransport:transport-runtime:2.2.5] AndroidManifest.xml:28:13-37
239            android:permission="android.permission.BIND_JOB_SERVICE" >
239-->[com.google.android.datatransport:transport-runtime:2.2.5] AndroidManifest.xml:29:13-69
240        </service>
241
242        <receiver
242-->[com.google.android.datatransport:transport-runtime:2.2.5] AndroidManifest.xml:32:9-34:40
243            android:name="com.google.android.datatransport.runtime.scheduling.jobscheduling.AlarmManagerSchedulerBroadcastReceiver"
243-->[com.google.android.datatransport:transport-runtime:2.2.5] AndroidManifest.xml:33:13-132
244            android:exported="false" />
244-->[com.google.android.datatransport:transport-runtime:2.2.5] AndroidManifest.xml:34:13-37
245    </application>
246
247</manifest>